[ 2018-02-03T19:39:26+08:00 ] 127.0.0.1 127.0.0.1 GET /
[ log ] www.h5niuniu.com/ [运行时间：0.585275s][吞吐率：1.71req/s] [内存消耗：3,475.59kb] [文件加载：63]
[ info ] [ LANG ] /Users/hantong/Sites/website/h5niuniu/thinkphp/lang/zh-cn.php
[ info ] [ BIND ] 'index'
[ info ] [ ROUTE ] array (
  'type' => 'module',
  'module' => 
  array (
    0 => 'index',
    1 => NULL,
    2 => NULL,
  ),
)
[ info ] [ HEADER ] array (
  'if-modified-since' => 'Sat, 20 Jan 2018 10:03:42 GMT',
  'if-none-match' => '"982c74f3d591d31:0"',
  'accept-language' => 'zh-CN,zh;q=0.8',
  'accept-encoding' => 'gzip, deflate, sdch',
  'user-agent' => 'Mozilla/5.0 (iPhone; CPU iPhone OS 9_1 like Mac OS X) AppleWebKit/601.1.46 (KHTML, like Gecko) Version/9.0 Mobile/13B143 Safari/601.1 wechatdevtools/0.7.0 MicroMessenger/6.3.9 Language/zh_CN webview/0',
  'upgrade-insecure-requests' => '1',
  'accept' => 'text/html,application/xhtml+xml,application/xml;q=0.9,image/webp,*/*;q=0.8',
  'connection' => 'keep-alive',
  'host' => 'www.h5niuniu.com',
  'content-type' => '',
  'content-length' => '',
)
[ info ] [ PARAM ] array (
)
[ info ] [ SESSION ] INIT array (
  'id' => '',
  'var_session_id' => '',
  'prefix' => 'think',
  'type' => '',
  'auto_start' => true,
)
[ info ] [ DB ] INIT mysql
[ info ] [ RUN ] app\index\controller\Index->index[ /Users/hantong/Sites/website/h5niuniu/application/index/controller/Index.php ]
[ info ] [ LOG ] INIT File
[ sql ] [ DB ] CONNECT:[ UseTime:0.014609s ] mysql:dbname=sq_douniu;host=127.0.0.1;port=3306;charset=utf8
[ sql ] [ SQL ] SHOW COLUMNS FROM `t_nav` [ RunTime:0.052280s ]
[ sql ] [ SQL ] SELECT * FROM `t_nav` WHERE  `pid` = 0 ORDER BY `sort` [ RunTime:0.017344s ]
[ sql ] [ SQL ] SELECT * FROM `t_nav` WHERE  `pid` = 1 ORDER BY `sort` [ RunTime:0.001474s ]
[ sql ] [ SQL ] SELECT * FROM `t_nav` WHERE  `pid` = 2 ORDER BY `sort` [ RunTime:0.001079s ]
[ sql ] [ SQL ] SELECT * FROM `t_nav` WHERE  `pid` = 3 ORDER BY `sort` [ RunTime:0.000771s ]
[ sql ] [ SQL ] SELECT * FROM `t_nav` WHERE  `pid` = 5 ORDER BY `sort` [ RunTime:0.000696s ]
[ sql ] [ SQL ] SELECT * FROM `t_nav` WHERE  `pid` = 6 ORDER BY `sort` [ RunTime:0.000679s ]
[ sql ] [ SQL ] SELECT * FROM `t_nav` WHERE  `pid` = 4 ORDER BY `sort` [ RunTime:0.000713s ]
[ sql ] [ SQL ] SHOW COLUMNS FROM `t_ad` [ RunTime:0.017061s ]
[ sql ] [ SQL ] SELECT * FROM `t_ad` WHERE  `status` = 1 [ RunTime:0.003205s ]
[ sql ] [ SQL ] SHOW COLUMNS FROM `t_product` [ RunTime:0.016634s ]
[ sql ] [ SQL ] SELECT * FROM `t_product` WHERE  `is_top` = 1 LIMIT 2 [ RunTime:0.003663s ]
[ sql ] [ SQL ] SELECT * FROM `t_product` WHERE  `is_rec` = 1 LIMIT 3 [ RunTime:0.000852s ]
[ sql ] [ SQL ] SHOW COLUMNS FROM `t_category` [ RunTime:0.011408s ]
[ sql ] [ SQL ] SELECT * FROM `t_category` WHERE  `status` = 1  AND `pid` = 0 [ RunTime:0.002984s ]
[ sql ] [ SQL ] SELECT * FROM `t_category` WHERE  `status` = 1  AND `pid` = 0 LIMIT 5 [ RunTime:0.000784s ]
[ sql ] [ SQL ] SELECT * FROM `t_category` WHERE  `pid` = 348 [ RunTime:0.000727s ]
[ sql ] [ SQL ] SELECT * FROM `t_category` WHERE  `pid` = 353 [ RunTime:0.000709s ]
[ sql ] [ SQL ] SELECT * FROM `t_category` WHERE  `pid` = 354 [ RunTime:0.000642s ]
[ sql ] [ SQL ] SELECT * FROM `t_category` WHERE  `pid` = 355 [ RunTime:0.000636s ]
[ sql ] [ SQL ] SELECT * FROM `t_product` WHERE  `status` = 1  AND `category_id` IN (353,354,355,348) LIMIT 8 [ RunTime:0.003954s ]
[ sql ] [ SQL ] SELECT * FROM `t_category` WHERE  `pid` = 356 [ RunTime:0.001021s ]
[ sql ] [ SQL ] SELECT * FROM `t_product` WHERE  `status` = 1  AND `category_id` IN (356) LIMIT 8 [ RunTime:0.003005s ]

---------------------------------------------------------------
[ 2018-02-03T19:39:26+08:00 ] 127.0.0.1 127.0.0.1 GET /game.php
[ log ] www.h5niuniu.com/game.php [运行时间：0.067564s][吞吐率：14.80req/s] [内存消耗：2,262.72kb] [文件加载：57]
[ info ] [ LANG ] /Users/hantong/Sites/website/h5niuniu/thinkphp/lang/zh-cn.php
[ info ] [ BIND ] 'game'
[ info ] [ ROUTE ] array (
  'type' => 'module',
  'module' => 
  array (
    0 => 'game',
    1 => NULL,
    2 => NULL,
  ),
)
[ info ] [ HEADER ] array (
  'cookie' => 'PHPSESSID=e9q7mg0qhq8g7vsisovnk2pus1',
  'accept-language' => 'zh-CN,zh;q=0.8',
  'accept-encoding' => 'gzip, deflate, sdch',
  'user-agent' => 'Mozilla/5.0 (iPhone; CPU iPhone OS 9_1 like Mac OS X) AppleWebKit/601.1.46 (KHTML, like Gecko) Version/9.0 Mobile/13B143 Safari/601.1 wechatdevtools/0.7.0 MicroMessenger/6.3.9 Language/zh_CN webview/0',
  'upgrade-insecure-requests' => '1',
  'accept' => 'text/html,application/xhtml+xml,application/xml;q=0.9,image/webp,*/*;q=0.8',
  'connection' => 'keep-alive',
  'host' => 'www.h5niuniu.com',
  'content-type' => '',
  'content-length' => '',
)
[ info ] [ PARAM ] array (
)
[ info ] [ SESSION ] INIT array (
  'id' => '',
  'var_session_id' => '',
  'prefix' => 'think',
  'type' => '',
  'auto_start' => true,
)
[ info ] [ LOG ] INIT File

---------------------------------------------------------------
[ 2018-02-03T19:39:26+08:00 ] 127.0.0.1 127.0.0.1 GET /game.php/login/index.html
[ log ] www.h5niuniu.com/game.php/login/index.html [运行时间：0.314550s][吞吐率：3.18req/s] [内存消耗：3,556.50kb] [文件加载：117]
[ info ] [ LANG ] /Users/hantong/Sites/website/h5niuniu/thinkphp/lang/zh-cn.php
[ info ] [ BIND ] 'game'
[ info ] [ ROUTE ] array (
  'type' => 'module',
  'module' => 
  array (
    0 => 'game',
    1 => 'login',
    2 => 'index',
  ),
)
[ info ] [ HEADER ] array (
  'cookie' => 'PHPSESSID=e9q7mg0qhq8g7vsisovnk2pus1',
  'accept-language' => 'zh-CN,zh;q=0.8',
  'accept-encoding' => 'gzip, deflate, sdch',
  'user-agent' => 'Mozilla/5.0 (iPhone; CPU iPhone OS 9_1 like Mac OS X) AppleWebKit/601.1.46 (KHTML, like Gecko) Version/9.0 Mobile/13B143 Safari/601.1 wechatdevtools/0.7.0 MicroMessenger/6.3.9 Language/zh_CN webview/0',
  'upgrade-insecure-requests' => '1',
  'accept' => 'text/html,application/xhtml+xml,application/xml;q=0.9,image/webp,*/*;q=0.8',
  'connection' => 'keep-alive',
  'host' => 'www.h5niuniu.com',
  'content-type' => '',
  'content-length' => '',
)
[ info ] [ PARAM ] array (
)
[ info ] [ RUN ] app\game\controller\Login->index[ /Users/hantong/Sites/website/h5niuniu/application/game/controller/Login.php ]
[ info ] [ LOG ] INIT File

---------------------------------------------------------------
[ 2018-02-03T19:39:30+08:00 ] 127.0.0.1 127.0.0.1 GET /game.php/login/weixinloginback.html?code=011oXLmZ00gfaZ1L11nZ0oTRmZ0oXLm4&state=c7f4a7d2fd908b76a06828c55b4dae8e
[ log ] www.h5niuniu.com/game.php/login/weixinloginback.html?code=011oXLmZ00gfaZ1L11nZ0oTRmZ0oXLm4&state=c7f4a7d2fd908b76a06828c55b4dae8e [运行时间：1.070632s][吞吐率：0.93req/s] [内存消耗：4,178.71kb] [文件加载：143]
[ info ] [ LANG ] /Users/hantong/Sites/website/h5niuniu/thinkphp/lang/zh-cn.php
[ info ] [ BIND ] 'game'
[ info ] [ ROUTE ] array (
  'type' => 'module',
  'module' => 
  array (
    0 => 'game',
    1 => 'login',
    2 => 'weixinloginback',
  ),
)
[ info ] [ HEADER ] array (
  'cookie' => 'PHPSESSID=e9q7mg0qhq8g7vsisovnk2pus1',
  'accept-language' => 'zh-CN,zh;q=0.8',
  'accept-encoding' => 'gzip, deflate, sdch',
  'user-agent' => 'Mozilla/5.0 (iPhone; CPU iPhone OS 9_1 like Mac OS X) AppleWebKit/601.1.46 (KHTML, like Gecko) Version/9.0 Mobile/13B143 Safari/601.1 wechatdevtools/0.7.0 MicroMessenger/6.3.9 Language/zh_CN webview/0',
  'upgrade-insecure-requests' => '1',
  'accept' => 'text/html,application/xhtml+xml,application/xml;q=0.9,image/webp,*/*;q=0.8',
  'cache-control' => 'max-age=0',
  'connection' => 'keep-alive',
  'host' => 'www.h5niuniu.com',
  'content-type' => '',
  'content-length' => '',
)
[ info ] [ PARAM ] array (
  'code' => '011oXLmZ00gfaZ1L11nZ0oTRmZ0oXLm4',
  'state' => 'c7f4a7d2fd908b76a06828c55b4dae8e',
)
[ info ] [ RUN ] app\game\controller\Login->weixinloginback[ /Users/hantong/Sites/website/h5niuniu/application/game/controller/Login.php ]
[ info ] [ LOG ] INIT File
[ error ] [0]cURL error 35: SSL: CA certificate set, but certificate verification is disabled (see http://curl.haxx.se/libcurl/c/libcurl-errors.html)[/Users/hantong/Sites/website/h5niuniu/vendor/guzzlehttp/guzzle/src/Handler/CurlFactory.php:191]

---------------------------------------------------------------
[ 2018-02-03T19:42:29+08:00 ] 127.0.0.1 127.0.0.1 GET /
[ log ] www.h5niuniu.com/ [运行时间：0.306519s][吞吐率：3.26req/s] [内存消耗：3,476.26kb] [文件加载：63]
[ info ] [ LANG ] /Users/hantong/Sites/website/h5niuniu/thinkphp/lang/zh-cn.php
[ info ] [ BIND ] 'index'
[ info ] [ ROUTE ] array (
  'type' => 'module',
  'module' => 
  array (
    0 => 'index',
    1 => NULL,
    2 => NULL,
  ),
)
[ info ] [ HEADER ] array (
  'cookie' => 'PHPSESSID=e9q7mg0qhq8g7vsisovnk2pus1',
  'accept-language' => 'zh-CN,zh;q=0.8',
  'accept-encoding' => 'gzip, deflate, sdch',
  'user-agent' => 'Mozilla/5.0 (iPhone; CPU iPhone OS 9_1 like Mac OS X) AppleWebKit/601.1.46 (KHTML, like Gecko) Version/9.0 Mobile/13B143 Safari/601.1 wechatdevtools/0.7.0 MicroMessenger/6.3.9 Language/zh_CN webview/0',
  'upgrade-insecure-requests' => '1',
  'accept' => 'text/html,application/xhtml+xml,application/xml;q=0.9,image/webp,*/*;q=0.8',
  'connection' => 'keep-alive',
  'host' => 'www.h5niuniu.com',
  'content-type' => '',
  'content-length' => '',
)
[ info ] [ PARAM ] array (
)
[ info ] [ SESSION ] INIT array (
  'id' => '',
  'var_session_id' => '',
  'prefix' => 'think',
  'type' => '',
  'auto_start' => true,
)
[ info ] [ DB ] INIT mysql
[ info ] [ RUN ] app\index\controller\Index->index[ /Users/hantong/Sites/website/h5niuniu/application/index/controller/Index.php ]
[ info ] [ LOG ] INIT File
[ sql ] [ DB ] CONNECT:[ UseTime:0.005886s ] mysql:dbname=sq_douniu;host=127.0.0.1;port=3306;charset=utf8
[ sql ] [ SQL ] SHOW COLUMNS FROM `t_nav` [ RunTime:0.015205s ]
[ sql ] [ SQL ] SELECT * FROM `t_nav` WHERE  `pid` = 0 ORDER BY `sort` [ RunTime:0.000703s ]
[ sql ] [ SQL ] SELECT * FROM `t_nav` WHERE  `pid` = 1 ORDER BY `sort` [ RunTime:0.001157s ]
[ sql ] [ SQL ] SELECT * FROM `t_nav` WHERE  `pid` = 2 ORDER BY `sort` [ RunTime:0.001369s ]
[ sql ] [ SQL ] SELECT * FROM `t_nav` WHERE  `pid` = 3 ORDER BY `sort` [ RunTime:0.001542s ]
[ sql ] [ SQL ] SELECT * FROM `t_nav` WHERE  `pid` = 5 ORDER BY `sort` [ RunTime:0.000680s ]
[ sql ] [ SQL ] SELECT * FROM `t_nav` WHERE  `pid` = 6 ORDER BY `sort` [ RunTime:0.000728s ]
[ sql ] [ SQL ] SELECT * FROM `t_nav` WHERE  `pid` = 4 ORDER BY `sort` [ RunTime:0.001643s ]
[ sql ] [ SQL ] SHOW COLUMNS FROM `t_ad` [ RunTime:0.011690s ]
[ sql ] [ SQL ] SELECT * FROM `t_ad` WHERE  `status` = 1 [ RunTime:0.002969s ]
[ sql ] [ SQL ] SHOW COLUMNS FROM `t_product` [ RunTime:0.011739s ]
[ sql ] [ SQL ] SELECT * FROM `t_product` WHERE  `is_top` = 1 LIMIT 2 [ RunTime:0.001753s ]
[ sql ] [ SQL ] SELECT * FROM `t_product` WHERE  `is_rec` = 1 LIMIT 3 [ RunTime:0.001528s ]
[ sql ] [ SQL ] SHOW COLUMNS FROM `t_category` [ RunTime:0.013263s ]
[ sql ] [ SQL ] SELECT * FROM `t_category` WHERE  `status` = 1  AND `pid` = 0 [ RunTime:0.001223s ]
[ sql ] [ SQL ] SELECT * FROM `t_category` WHERE  `status` = 1  AND `pid` = 0 LIMIT 5 [ RunTime:0.000610s ]
[ sql ] [ SQL ] SELECT * FROM `t_category` WHERE  `pid` = 348 [ RunTime:0.001575s ]
[ sql ] [ SQL ] SELECT * FROM `t_category` WHERE  `pid` = 353 [ RunTime:0.001031s ]
[ sql ] [ SQL ] SELECT * FROM `t_category` WHERE  `pid` = 354 [ RunTime:0.000727s ]
[ sql ] [ SQL ] SELECT * FROM `t_category` WHERE  `pid` = 355 [ RunTime:0.002595s ]
[ sql ] [ SQL ] SELECT * FROM `t_product` WHERE  `status` = 1  AND `category_id` IN (353,354,355,348) LIMIT 8 [ RunTime:0.001302s ]
[ sql ] [ SQL ] SELECT * FROM `t_category` WHERE  `pid` = 356 [ RunTime:0.000999s ]
[ sql ] [ SQL ] SELECT * FROM `t_product` WHERE  `status` = 1  AND `category_id` IN (356) LIMIT 8 [ RunTime:0.000900s ]

---------------------------------------------------------------
[ 2018-02-03T19:42:29+08:00 ] 127.0.0.1 127.0.0.1 GET /game.php
[ log ] www.h5niuniu.com/game.php [运行时间：0.054305s][吞吐率：18.41req/s] [内存消耗：2,262.86kb] [文件加载：57]
[ info ] [ LANG ] /Users/hantong/Sites/website/h5niuniu/thinkphp/lang/zh-cn.php
[ info ] [ BIND ] 'game'
[ info ] [ ROUTE ] array (
  'type' => 'module',
  'module' => 
  array (
    0 => 'game',
    1 => NULL,
    2 => NULL,
  ),
)
[ info ] [ HEADER ] array (
  'cookie' => 'PHPSESSID=e9q7mg0qhq8g7vsisovnk2pus1',
  'accept-language' => 'zh-CN,zh;q=0.8',
  'accept-encoding' => 'gzip, deflate, sdch',
  'user-agent' => 'Mozilla/5.0 (iPhone; CPU iPhone OS 9_1 like Mac OS X) AppleWebKit/601.1.46 (KHTML, like Gecko) Version/9.0 Mobile/13B143 Safari/601.1 wechatdevtools/0.7.0 MicroMessenger/6.3.9 Language/zh_CN webview/0',
  'upgrade-insecure-requests' => '1',
  'accept' => 'text/html,application/xhtml+xml,application/xml;q=0.9,image/webp,*/*;q=0.8',
  'connection' => 'keep-alive',
  'host' => 'www.h5niuniu.com',
  'content-type' => '',
  'content-length' => '',
)
[ info ] [ PARAM ] array (
)
[ info ] [ SESSION ] INIT array (
  'id' => '',
  'var_session_id' => '',
  'prefix' => 'think',
  'type' => '',
  'auto_start' => true,
)
[ info ] [ LOG ] INIT File

---------------------------------------------------------------
[ 2018-02-03T19:42:29+08:00 ] 127.0.0.1 127.0.0.1 GET /game.php/login/index.html
[ log ] www.h5niuniu.com/game.php/login/index.html [运行时间：0.162079s][吞吐率：6.17req/s] [内存消耗：3,556.50kb] [文件加载：117]
[ info ] [ LANG ] /Users/hantong/Sites/website/h5niuniu/thinkphp/lang/zh-cn.php
[ info ] [ BIND ] 'game'
[ info ] [ ROUTE ] array (
  'type' => 'module',
  'module' => 
  array (
    0 => 'game',
    1 => 'login',
    2 => 'index',
  ),
)
[ info ] [ HEADER ] array (
  'cookie' => 'PHPSESSID=e9q7mg0qhq8g7vsisovnk2pus1',
  'accept-language' => 'zh-CN,zh;q=0.8',
  'accept-encoding' => 'gzip, deflate, sdch',
  'user-agent' => 'Mozilla/5.0 (iPhone; CPU iPhone OS 9_1 like Mac OS X) AppleWebKit/601.1.46 (KHTML, like Gecko) Version/9.0 Mobile/13B143 Safari/601.1 wechatdevtools/0.7.0 MicroMessenger/6.3.9 Language/zh_CN webview/0',
  'upgrade-insecure-requests' => '1',
  'accept' => 'text/html,application/xhtml+xml,application/xml;q=0.9,image/webp,*/*;q=0.8',
  'connection' => 'keep-alive',
  'host' => 'www.h5niuniu.com',
  'content-type' => '',
  'content-length' => '',
)
[ info ] [ PARAM ] array (
)
[ info ] [ RUN ] app\game\controller\Login->index[ /Users/hantong/Sites/website/h5niuniu/application/game/controller/Login.php ]
[ info ] [ LOG ] INIT File

---------------------------------------------------------------
[ 2018-02-03T19:42:33+08:00 ] 127.0.0.1 127.0.0.1 GET /game.php/login/weixinloginback.html?code=021GSuzw1sBNua0quzxw1L1dzw1GSuzb&state=0ef877653b6f44dc2ea2c0674085d01c
[ log ] www.h5niuniu.com/game.php/login/weixinloginback.html?code=021GSuzw1sBNua0quzxw1L1dzw1GSuzb&state=0ef877653b6f44dc2ea2c0674085d01c [运行时间：1.132353s][吞吐率：0.88req/s] [内存消耗：4,176.77kb] [文件加载：143]
[ info ] [ LANG ] /Users/hantong/Sites/website/h5niuniu/thinkphp/lang/zh-cn.php
[ info ] [ BIND ] 'game'
[ info ] [ ROUTE ] array (
  'type' => 'module',
  'module' => 
  array (
    0 => 'game',
    1 => 'login',
    2 => 'weixinloginback',
  ),
)
[ info ] [ HEADER ] array (
  'cookie' => 'PHPSESSID=e9q7mg0qhq8g7vsisovnk2pus1',
  'accept-language' => 'zh-CN,zh;q=0.8',
  'accept-encoding' => 'gzip, deflate, sdch',
  'user-agent' => 'Mozilla/5.0 (iPhone; CPU iPhone OS 9_1 like Mac OS X) AppleWebKit/601.1.46 (KHTML, like Gecko) Version/9.0 Mobile/13B143 Safari/601.1 wechatdevtools/0.7.0 MicroMessenger/6.3.9 Language/zh_CN webview/0',
  'upgrade-insecure-requests' => '1',
  'accept' => 'text/html,application/xhtml+xml,application/xml;q=0.9,image/webp,*/*;q=0.8',
  'connection' => 'keep-alive',
  'host' => 'www.h5niuniu.com',
  'content-type' => '',
  'content-length' => '',
)
[ info ] [ PARAM ] array (
  'code' => '021GSuzw1sBNua0quzxw1L1dzw1GSuzb',
  'state' => '0ef877653b6f44dc2ea2c0674085d01c',
)
[ info ] [ RUN ] app\game\controller\Login->weixinloginback[ /Users/hantong/Sites/website/h5niuniu/application/game/controller/Login.php ]
[ info ] [ LOG ] INIT File
[ error ] [0]cURL error 35: SSL: CA certificate set, but certificate verification is disabled (see http://curl.haxx.se/libcurl/c/libcurl-errors.html)[/Users/hantong/Sites/website/h5niuniu/vendor/guzzlehttp/guzzle/src/Handler/CurlFactory.php:191]

---------------------------------------------------------------
[ 2018-02-03T19:43:43+08:00 ] 127.0.0.1 127.0.0.1 GET /
[ log ] www.h5niuniu.com/ [运行时间：0.289662s][吞吐率：3.45req/s] [内存消耗：3,476.26kb] [文件加载：63]
[ info ] [ LANG ] /Users/hantong/Sites/website/h5niuniu/thinkphp/lang/zh-cn.php
[ info ] [ BIND ] 'index'
[ info ] [ ROUTE ] array (
  'type' => 'module',
  'module' => 
  array (
    0 => 'index',
    1 => NULL,
    2 => NULL,
  ),
)
[ info ] [ HEADER ] array (
  'cookie' => 'PHPSESSID=e9q7mg0qhq8g7vsisovnk2pus1',
  'accept-language' => 'zh-CN,zh;q=0.8',
  'accept-encoding' => 'gzip, deflate, sdch',
  'user-agent' => 'Mozilla/5.0 (iPhone; CPU iPhone OS 9_1 like Mac OS X) AppleWebKit/601.1.46 (KHTML, like Gecko) Version/9.0 Mobile/13B143 Safari/601.1 wechatdevtools/0.7.0 MicroMessenger/6.3.9 Language/zh_CN webview/0',
  'upgrade-insecure-requests' => '1',
  'accept' => 'text/html,application/xhtml+xml,application/xml;q=0.9,image/webp,*/*;q=0.8',
  'connection' => 'keep-alive',
  'host' => 'www.h5niuniu.com',
  'content-type' => '',
  'content-length' => '',
)
[ info ] [ PARAM ] array (
)
[ info ] [ SESSION ] INIT array (
  'id' => '',
  'var_session_id' => '',
  'prefix' => 'think',
  'type' => '',
  'auto_start' => true,
)
[ info ] [ DB ] INIT mysql
[ info ] [ RUN ] app\index\controller\Index->index[ /Users/hantong/Sites/website/h5niuniu/application/index/controller/Index.php ]
[ info ] [ LOG ] INIT File
[ sql ] [ DB ] CONNECT:[ UseTime:0.003059s ] mysql:dbname=sq_douniu;host=127.0.0.1;port=3306;charset=utf8
[ sql ] [ SQL ] SHOW COLUMNS FROM `t_nav` [ RunTime:0.012839s ]
[ sql ] [ SQL ] SELECT * FROM `t_nav` WHERE  `pid` = 0 ORDER BY `sort` [ RunTime:0.003261s ]
[ sql ] [ SQL ] SELECT * FROM `t_nav` WHERE  `pid` = 1 ORDER BY `sort` [ RunTime:0.002738s ]
[ sql ] [ SQL ] SELECT * FROM `t_nav` WHERE  `pid` = 2 ORDER BY `sort` [ RunTime:0.000700s ]
[ sql ] [ SQL ] SELECT * FROM `t_nav` WHERE  `pid` = 3 ORDER BY `sort` [ RunTime:0.000623s ]
[ sql ] [ SQL ] SELECT * FROM `t_nav` WHERE  `pid` = 5 ORDER BY `sort` [ RunTime:0.003388s ]
[ sql ] [ SQL ] SELECT * FROM `t_nav` WHERE  `pid` = 6 ORDER BY `sort` [ RunTime:0.000509s ]
[ sql ] [ SQL ] SELECT * FROM `t_nav` WHERE  `pid` = 4 ORDER BY `sort` [ RunTime:0.000486s ]
[ sql ] [ SQL ] SHOW COLUMNS FROM `t_ad` [ RunTime:0.012215s ]
[ sql ] [ SQL ] SELECT * FROM `t_ad` WHERE  `status` = 1 [ RunTime:0.003549s ]
[ sql ] [ SQL ] SHOW COLUMNS FROM `t_product` [ RunTime:0.011602s ]
[ sql ] [ SQL ] SELECT * FROM `t_product` WHERE  `is_top` = 1 LIMIT 2 [ RunTime:0.001025s ]
[ sql ] [ SQL ] SELECT * FROM `t_product` WHERE  `is_rec` = 1 LIMIT 3 [ RunTime:0.000693s ]
[ sql ] [ SQL ] SHOW COLUMNS FROM `t_category` [ RunTime:0.012092s ]
[ sql ] [ SQL ] SELECT * FROM `t_category` WHERE  `status` = 1  AND `pid` = 0 [ RunTime:0.000634s ]
[ sql ] [ SQL ] SELECT * FROM `t_category` WHERE  `status` = 1  AND `pid` = 0 LIMIT 5 [ RunTime:0.000401s ]
[ sql ] [ SQL ] SELECT * FROM `t_category` WHERE  `pid` = 348 [ RunTime:0.002856s ]
[ sql ] [ SQL ] SELECT * FROM `t_category` WHERE  `pid` = 353 [ RunTime:0.000757s ]
[ sql ] [ SQL ] SELECT * FROM `t_category` WHERE  `pid` = 354 [ RunTime:0.000741s ]
[ sql ] [ SQL ] SELECT * FROM `t_category` WHERE  `pid` = 355 [ RunTime:0.000459s ]
[ sql ] [ SQL ] SELECT * FROM `t_product` WHERE  `status` = 1  AND `category_id` IN (353,354,355,348) LIMIT 8 [ RunTime:0.000834s ]
[ sql ] [ SQL ] SELECT * FROM `t_category` WHERE  `pid` = 356 [ RunTime:0.005970s ]
[ sql ] [ SQL ] SELECT * FROM `t_product` WHERE  `status` = 1  AND `category_id` IN (356) LIMIT 8 [ RunTime:0.001137s ]

---------------------------------------------------------------
[ 2018-02-03T19:43:43+08:00 ] 127.0.0.1 127.0.0.1 GET /game.php
[ log ] www.h5niuniu.com/game.php [运行时间：0.050145s][吞吐率：19.94req/s] [内存消耗：2,262.86kb] [文件加载：57]
[ info ] [ LANG ] /Users/hantong/Sites/website/h5niuniu/thinkphp/lang/zh-cn.php
[ info ] [ BIND ] 'game'
[ info ] [ ROUTE ] array (
  'type' => 'module',
  'module' => 
  array (
    0 => 'game',
    1 => NULL,
    2 => NULL,
  ),
)
[ info ] [ HEADER ] array (
  'cookie' => 'PHPSESSID=e9q7mg0qhq8g7vsisovnk2pus1',
  'accept-language' => 'zh-CN,zh;q=0.8',
  'accept-encoding' => 'gzip, deflate, sdch',
  'user-agent' => 'Mozilla/5.0 (iPhone; CPU iPhone OS 9_1 like Mac OS X) AppleWebKit/601.1.46 (KHTML, like Gecko) Version/9.0 Mobile/13B143 Safari/601.1 wechatdevtools/0.7.0 MicroMessenger/6.3.9 Language/zh_CN webview/0',
  'upgrade-insecure-requests' => '1',
  'accept' => 'text/html,application/xhtml+xml,application/xml;q=0.9,image/webp,*/*;q=0.8',
  'connection' => 'keep-alive',
  'host' => 'www.h5niuniu.com',
  'content-type' => '',
  'content-length' => '',
)
[ info ] [ PARAM ] array (
)
[ info ] [ SESSION ] INIT array (
  'id' => '',
  'var_session_id' => '',
  'prefix' => 'think',
  'type' => '',
  'auto_start' => true,
)
[ info ] [ LOG ] INIT File

---------------------------------------------------------------
[ 2018-02-03T19:43:43+08:00 ] 127.0.0.1 127.0.0.1 GET /game.php/login/index.html
[ log ] www.h5niuniu.com/game.php/login/index.html [运行时间：0.181551s][吞吐率：5.51req/s] [内存消耗：3,556.50kb] [文件加载：117]
[ info ] [ LANG ] /Users/hantong/Sites/website/h5niuniu/thinkphp/lang/zh-cn.php
[ info ] [ BIND ] 'game'
[ info ] [ ROUTE ] array (
  'type' => 'module',
  'module' => 
  array (
    0 => 'game',
    1 => 'login',
    2 => 'index',
  ),
)
[ info ] [ HEADER ] array (
  'cookie' => 'PHPSESSID=e9q7mg0qhq8g7vsisovnk2pus1',
  'accept-language' => 'zh-CN,zh;q=0.8',
  'accept-encoding' => 'gzip, deflate, sdch',
  'user-agent' => 'Mozilla/5.0 (iPhone; CPU iPhone OS 9_1 like Mac OS X) AppleWebKit/601.1.46 (KHTML, like Gecko) Version/9.0 Mobile/13B143 Safari/601.1 wechatdevtools/0.7.0 MicroMessenger/6.3.9 Language/zh_CN webview/0',
  'upgrade-insecure-requests' => '1',
  'accept' => 'text/html,application/xhtml+xml,application/xml;q=0.9,image/webp,*/*;q=0.8',
  'connection' => 'keep-alive',
  'host' => 'www.h5niuniu.com',
  'content-type' => '',
  'content-length' => '',
)
[ info ] [ PARAM ] array (
)
[ info ] [ RUN ] app\game\controller\Login->index[ /Users/hantong/Sites/website/h5niuniu/application/game/controller/Login.php ]
[ info ] [ LOG ] INIT File

---------------------------------------------------------------
[ 2018-02-03T19:43:46+08:00 ] 127.0.0.1 127.0.0.1 GET /game.php/login/weixinloginback.html?code=0219msnj1tnoTx0YCamj19YKnj19msn2&state=d862aba442ed20b5ba8764ff9b50864b
[ log ] www.h5niuniu.com/game.php/login/weixinloginback.html?code=0219msnj1tnoTx0YCamj19YKnj19msn2&state=d862aba442ed20b5ba8764ff9b50864b [运行时间：0.672485s][吞吐率：1.49req/s] [内存消耗：4,172.48kb] [文件加载：142]
[ info ] [ LANG ] /Users/hantong/Sites/website/h5niuniu/thinkphp/lang/zh-cn.php
[ info ] [ BIND ] 'game'
[ info ] [ ROUTE ] array (
  'type' => 'module',
  'module' => 
  array (
    0 => 'game',
    1 => 'login',
    2 => 'weixinloginback',
  ),
)
[ info ] [ HEADER ] array (
  'cookie' => 'PHPSESSID=e9q7mg0qhq8g7vsisovnk2pus1',
  'accept-language' => 'zh-CN,zh;q=0.8',
  'accept-encoding' => 'gzip, deflate, sdch',
  'user-agent' => 'Mozilla/5.0 (iPhone; CPU iPhone OS 9_1 like Mac OS X) AppleWebKit/601.1.46 (KHTML, like Gecko) Version/9.0 Mobile/13B143 Safari/601.1 wechatdevtools/0.7.0 MicroMessenger/6.3.9 Language/zh_CN webview/0',
  'upgrade-insecure-requests' => '1',
  'accept' => 'text/html,application/xhtml+xml,application/xml;q=0.9,image/webp,*/*;q=0.8',
  'connection' => 'keep-alive',
  'host' => 'www.h5niuniu.com',
  'content-type' => '',
  'content-length' => '',
)
[ info ] [ PARAM ] array (
  'code' => '0219msnj1tnoTx0YCamj19YKnj19msn2',
  'state' => 'd862aba442ed20b5ba8764ff9b50864b',
)
[ info ] [ RUN ] app\game\controller\Login->weixinloginback[ /Users/hantong/Sites/website/h5niuniu/application/game/controller/Login.php ]
[ info ] [ LOG ] INIT File
[ error ] [0]cURL error 51: SSL: certificate verification failed (result: 5) (see http://curl.haxx.se/libcurl/c/libcurl-errors.html)[/Users/hantong/Sites/website/h5niuniu/vendor/guzzlehttp/guzzle/src/Handler/CurlFactory.php:192]

---------------------------------------------------------------
[ 2018-02-03T20:25:36+08:00 ] 127.0.0.1 127.0.0.1 GET /
[ log ] www.h5niuniu.com/ [运行时间：0.324178s][吞吐率：3.08req/s] [内存消耗：3,476.19kb] [文件加载：63]
[ info ] [ LANG ] /Users/hantong/Sites/website/h5niuniu/thinkphp/lang/zh-cn.php
[ info ] [ BIND ] 'index'
[ info ] [ ROUTE ] array (
  'type' => 'module',
  'module' => 
  array (
    0 => 'index',
    1 => NULL,
    2 => NULL,
  ),
)
[ info ] [ HEADER ] array (
  'cookie' => 'PHPSESSID=e9q7mg0qhq8g7vsisovnk2pus1',
  'accept-language' => 'zh-CN,zh;q=0.8',
  'accept-encoding' => 'gzip, deflate, sdch',
  'user-agent' => 'Mozilla/5.0 (iPhone; CPU iPhone OS 9_1 like Mac OS X) AppleWebKit/601.1.46 (KHTML, like Gecko) Version/9.0 Mobile/13B143 Safari/601.1 wechatdevtools/0.7.0 MicroMessenger/6.3.9 Language/zh_CN webview/0',
  'upgrade-insecure-requests' => '1',
  'accept' => 'text/html,application/xhtml+xml,application/xml;q=0.9,image/webp,*/*;q=0.8',
  'connection' => 'keep-alive',
  'host' => 'www.h5niuniu.com',
  'content-type' => '',
  'content-length' => '',
)
[ info ] [ PARAM ] array (
)
[ info ] [ SESSION ] INIT array (
  'id' => '',
  'var_session_id' => '',
  'prefix' => 'think',
  'type' => '',
  'auto_start' => true,
)
[ info ] [ DB ] INIT mysql
[ info ] [ RUN ] app\index\controller\Index->index[ /Users/hantong/Sites/website/h5niuniu/application/index/controller/Index.php ]
[ info ] [ LOG ] INIT File
[ sql ] [ DB ] CONNECT:[ UseTime:0.001803s ] mysql:dbname=sq_douniu;host=127.0.0.1;port=3306;charset=utf8
[ sql ] [ SQL ] SHOW COLUMNS FROM `t_nav` [ RunTime:0.020624s ]
[ sql ] [ SQL ] SELECT * FROM `t_nav` WHERE  `pid` = 0 ORDER BY `sort` [ RunTime:0.001000s ]
[ sql ] [ SQL ] SELECT * FROM `t_nav` WHERE  `pid` = 1 ORDER BY `sort` [ RunTime:0.000601s ]
[ sql ] [ SQL ] SELECT * FROM `t_nav` WHERE  `pid` = 2 ORDER BY `sort` [ RunTime:0.000394s ]
[ sql ] [ SQL ] SELECT * FROM `t_nav` WHERE  `pid` = 3 ORDER BY `sort` [ RunTime:0.000382s ]
[ sql ] [ SQL ] SELECT * FROM `t_nav` WHERE  `pid` = 5 ORDER BY `sort` [ RunTime:0.000337s ]
[ sql ] [ SQL ] SELECT * FROM `t_nav` WHERE  `pid` = 6 ORDER BY `sort` [ RunTime:0.000347s ]
[ sql ] [ SQL ] SELECT * FROM `t_nav` WHERE  `pid` = 4 ORDER BY `sort` [ RunTime:0.000470s ]
[ sql ] [ SQL ] SHOW COLUMNS FROM `t_ad` [ RunTime:0.014366s ]
[ sql ] [ SQL ] SELECT * FROM `t_ad` WHERE  `status` = 1 [ RunTime:0.000910s ]
[ sql ] [ SQL ] SHOW COLUMNS FROM `t_product` [ RunTime:0.005618s ]
[ sql ] [ SQL ] SELECT * FROM `t_product` WHERE  `is_top` = 1 LIMIT 2 [ RunTime:0.003668s ]
[ sql ] [ SQL ] SELECT * FROM `t_product` WHERE  `is_rec` = 1 LIMIT 3 [ RunTime:0.000724s ]
[ sql ] [ SQL ] SHOW COLUMNS FROM `t_category` [ RunTime:0.010074s ]
[ sql ] [ SQL ] SELECT * FROM `t_category` WHERE  `status` = 1  AND `pid` = 0 [ RunTime:0.003489s ]
[ sql ] [ SQL ] SELECT * FROM `t_category` WHERE  `status` = 1  AND `pid` = 0 LIMIT 5 [ RunTime:0.000603s ]
[ sql ] [ SQL ] SELECT * FROM `t_category` WHERE  `pid` = 348 [ RunTime:0.000494s ]
[ sql ] [ SQL ] SELECT * FROM `t_category` WHERE  `pid` = 353 [ RunTime:0.000428s ]
[ sql ] [ SQL ] SELECT * FROM `t_category` WHERE  `pid` = 354 [ RunTime:0.002893s ]
[ sql ] [ SQL ] SELECT * FROM `t_category` WHERE  `pid` = 355 [ RunTime:0.001167s ]
[ sql ] [ SQL ] SELECT * FROM `t_product` WHERE  `status` = 1  AND `category_id` IN (353,354,355,348) LIMIT 8 [ RunTime:0.000612s ]
[ sql ] [ SQL ] SELECT * FROM `t_category` WHERE  `pid` = 356 [ RunTime:0.000382s ]
[ sql ] [ SQL ] SELECT * FROM `t_product` WHERE  `status` = 1  AND `category_id` IN (356) LIMIT 8 [ RunTime:0.000606s ]

---------------------------------------------------------------
[ 2018-02-03T20:25:36+08:00 ] 127.0.0.1 127.0.0.1 GET /game.php
[ log ] www.h5niuniu.com/game.php [运行时间：0.057673s][吞吐率：17.34req/s] [内存消耗：2,262.79kb] [文件加载：57]
[ info ] [ LANG ] /Users/hantong/Sites/website/h5niuniu/thinkphp/lang/zh-cn.php
[ info ] [ BIND ] 'game'
[ info ] [ ROUTE ] array (
  'type' => 'module',
  'module' => 
  array (
    0 => 'game',
    1 => NULL,
    2 => NULL,
  ),
)
[ info ] [ HEADER ] array (
  'cookie' => 'PHPSESSID=e9q7mg0qhq8g7vsisovnk2pus1',
  'accept-language' => 'zh-CN,zh;q=0.8',
  'accept-encoding' => 'gzip, deflate, sdch',
  'user-agent' => 'Mozilla/5.0 (iPhone; CPU iPhone OS 9_1 like Mac OS X) AppleWebKit/601.1.46 (KHTML, like Gecko) Version/9.0 Mobile/13B143 Safari/601.1 wechatdevtools/0.7.0 MicroMessenger/6.3.9 Language/zh_CN webview/0',
  'upgrade-insecure-requests' => '1',
  'accept' => 'text/html,application/xhtml+xml,application/xml;q=0.9,image/webp,*/*;q=0.8',
  'connection' => 'keep-alive',
  'host' => 'www.h5niuniu.com',
  'content-type' => '',
  'content-length' => '',
)
[ info ] [ PARAM ] array (
)
[ info ] [ SESSION ] INIT array (
  'id' => '',
  'var_session_id' => '',
  'prefix' => 'think',
  'type' => '',
  'auto_start' => true,
)
[ info ] [ LOG ] INIT File

---------------------------------------------------------------
[ 2018-02-03T20:25:36+08:00 ] 127.0.0.1 127.0.0.1 GET /game.php/login/index.html
[ log ] www.h5niuniu.com/game.php/login/index.html [运行时间：0.190224s][吞吐率：5.26req/s] [内存消耗：3,556.43kb] [文件加载：117]
[ info ] [ LANG ] /Users/hantong/Sites/website/h5niuniu/thinkphp/lang/zh-cn.php
[ info ] [ BIND ] 'game'
[ info ] [ ROUTE ] array (
  'type' => 'module',
  'module' => 
  array (
    0 => 'game',
    1 => 'login',
    2 => 'index',
  ),
)
[ info ] [ HEADER ] array (
  'cookie' => 'PHPSESSID=e9q7mg0qhq8g7vsisovnk2pus1',
  'accept-language' => 'zh-CN,zh;q=0.8',
  'accept-encoding' => 'gzip, deflate, sdch',
  'user-agent' => 'Mozilla/5.0 (iPhone; CPU iPhone OS 9_1 like Mac OS X) AppleWebKit/601.1.46 (KHTML, like Gecko) Version/9.0 Mobile/13B143 Safari/601.1 wechatdevtools/0.7.0 MicroMessenger/6.3.9 Language/zh_CN webview/0',
  'upgrade-insecure-requests' => '1',
  'accept' => 'text/html,application/xhtml+xml,application/xml;q=0.9,image/webp,*/*;q=0.8',
  'connection' => 'keep-alive',
  'host' => 'www.h5niuniu.com',
  'content-type' => '',
  'content-length' => '',
)
[ info ] [ PARAM ] array (
)
[ info ] [ RUN ] app\game\controller\Login->index[ /Users/hantong/Sites/website/h5niuniu/application/game/controller/Login.php ]
[ info ] [ LOG ] INIT File

---------------------------------------------------------------
[ 2018-02-03T20:25:39+08:00 ] 127.0.0.1 127.0.0.1 GET /game.php/login/weixinloginback.html?code=071D9WNP1yw1K814c4LP11VINP1D9WNN&state=65e310d8bafe74ff205c955ad70d13db
[ log ] www.h5niuniu.com/game.php/login/weixinloginback.html?code=071D9WNP1yw1K814c4LP11VINP1D9WNN&state=65e310d8bafe74ff205c955ad70d13db [运行时间：0.499290s][吞吐率：2.00req/s] [内存消耗：4,172.41kb] [文件加载：142]
[ info ] [ LANG ] /Users/hantong/Sites/website/h5niuniu/thinkphp/lang/zh-cn.php
[ info ] [ BIND ] 'game'
[ info ] [ ROUTE ] array (
  'type' => 'module',
  'module' => 
  array (
    0 => 'game',
    1 => 'login',
    2 => 'weixinloginback',
  ),
)
[ info ] [ HEADER ] array (
  'cookie' => 'PHPSESSID=e9q7mg0qhq8g7vsisovnk2pus1',
  'accept-language' => 'zh-CN,zh;q=0.8',
  'accept-encoding' => 'gzip, deflate, sdch',
  'user-agent' => 'Mozilla/5.0 (iPhone; CPU iPhone OS 9_1 like Mac OS X) AppleWebKit/601.1.46 (KHTML, like Gecko) Version/9.0 Mobile/13B143 Safari/601.1 wechatdevtools/0.7.0 MicroMessenger/6.3.9 Language/zh_CN webview/0',
  'upgrade-insecure-requests' => '1',
  'accept' => 'text/html,application/xhtml+xml,application/xml;q=0.9,image/webp,*/*;q=0.8',
  'connection' => 'keep-alive',
  'host' => 'www.h5niuniu.com',
  'content-type' => '',
  'content-length' => '',
)
[ info ] [ PARAM ] array (
  'code' => '071D9WNP1yw1K814c4LP11VINP1D9WNN',
  'state' => '65e310d8bafe74ff205c955ad70d13db',
)
[ info ] [ RUN ] app\game\controller\Login->weixinloginback[ /Users/hantong/Sites/website/h5niuniu/application/game/controller/Login.php ]
[ info ] [ LOG ] INIT File
[ error ] [0]cURL error 51: SSL: certificate verification failed (result: 5) (see http://curl.haxx.se/libcurl/c/libcurl-errors.html)[/Users/hantong/Sites/website/h5niuniu/vendor/guzzlehttp/guzzle/src/Handler/CurlFactory.php:192]

---------------------------------------------------------------
[ 2018-02-03T20:26:25+08:00 ] 127.0.0.1 127.0.0.1 GET /
[ log ] www.h5niuniu.com/ [运行时间：0.288912s][吞吐率：3.46req/s] [内存消耗：3,476.19kb] [文件加载：63]
[ info ] [ LANG ] /Users/hantong/Sites/website/h5niuniu/thinkphp/lang/zh-cn.php
[ info ] [ BIND ] 'index'
[ info ] [ ROUTE ] array (
  'type' => 'module',
  'module' => 
  array (
    0 => 'index',
    1 => NULL,
    2 => NULL,
  ),
)
[ info ] [ HEADER ] array (
  'cookie' => 'PHPSESSID=e9q7mg0qhq8g7vsisovnk2pus1',
  'accept-language' => 'zh-CN,zh;q=0.8',
  'accept-encoding' => 'gzip, deflate, sdch',
  'user-agent' => 'Mozilla/5.0 (iPhone; CPU iPhone OS 9_1 like Mac OS X) AppleWebKit/601.1.46 (KHTML, like Gecko) Version/9.0 Mobile/13B143 Safari/601.1 wechatdevtools/0.7.0 MicroMessenger/6.3.9 Language/zh_CN webview/0',
  'upgrade-insecure-requests' => '1',
  'accept' => 'text/html,application/xhtml+xml,application/xml;q=0.9,image/webp,*/*;q=0.8',
  'connection' => 'keep-alive',
  'host' => 'www.h5niuniu.com',
  'content-type' => '',
  'content-length' => '',
)
[ info ] [ PARAM ] array (
)
[ info ] [ SESSION ] INIT array (
  'id' => '',
  'var_session_id' => '',
  'prefix' => 'think',
  'type' => '',
  'auto_start' => true,
)
[ info ] [ DB ] INIT mysql
[ info ] [ RUN ] app\index\controller\Index->index[ /Users/hantong/Sites/website/h5niuniu/application/index/controller/Index.php ]
[ info ] [ LOG ] INIT File
[ sql ] [ DB ] CONNECT:[ UseTime:0.001054s ] mysql:dbname=sq_douniu;host=127.0.0.1;port=3306;charset=utf8
[ sql ] [ SQL ] SHOW COLUMNS FROM `t_nav` [ RunTime:0.013023s ]
[ sql ] [ SQL ] SELECT * FROM `t_nav` WHERE  `pid` = 0 ORDER BY `sort` [ RunTime:0.000896s ]
[ sql ] [ SQL ] SELECT * FROM `t_nav` WHERE  `pid` = 1 ORDER BY `sort` [ RunTime:0.000544s ]
[ sql ] [ SQL ] SELECT * FROM `t_nav` WHERE  `pid` = 2 ORDER BY `sort` [ RunTime:0.000596s ]
[ sql ] [ SQL ] SELECT * FROM `t_nav` WHERE  `pid` = 3 ORDER BY `sort` [ RunTime:0.000484s ]
[ sql ] [ SQL ] SELECT * FROM `t_nav` WHERE  `pid` = 5 ORDER BY `sort` [ RunTime:0.000513s ]
[ sql ] [ SQL ] SELECT * FROM `t_nav` WHERE  `pid` = 6 ORDER BY `sort` [ RunTime:0.000463s ]
[ sql ] [ SQL ] SELECT * FROM `t_nav` WHERE  `pid` = 4 ORDER BY `sort` [ RunTime:0.006231s ]
[ sql ] [ SQL ] SHOW COLUMNS FROM `t_ad` [ RunTime:0.008677s ]
[ sql ] [ SQL ] SELECT * FROM `t_ad` WHERE  `status` = 1 [ RunTime:0.003745s ]
[ sql ] [ SQL ] SHOW COLUMNS FROM `t_product` [ RunTime:0.013146s ]
[ sql ] [ SQL ] SELECT * FROM `t_product` WHERE  `is_top` = 1 LIMIT 2 [ RunTime:0.002496s ]
[ sql ] [ SQL ] SELECT * FROM `t_product` WHERE  `is_rec` = 1 LIMIT 3 [ RunTime:0.000952s ]
[ sql ] [ SQL ] SHOW COLUMNS FROM `t_category` [ RunTime:0.016475s ]
[ sql ] [ SQL ] SELECT * FROM `t_category` WHERE  `status` = 1  AND `pid` = 0 [ RunTime:0.001984s ]
[ sql ] [ SQL ] SELECT * FROM `t_category` WHERE  `status` = 1  AND `pid` = 0 LIMIT 5 [ RunTime:0.001399s ]
[ sql ] [ SQL ] SELECT * FROM `t_category` WHERE  `pid` = 348 [ RunTime:0.001059s ]
[ sql ] [ SQL ] SELECT * FROM `t_category` WHERE  `pid` = 353 [ RunTime:0.000609s ]
[ sql ] [ SQL ] SELECT * FROM `t_category` WHERE  `pid` = 354 [ RunTime:0.000527s ]
[ sql ] [ SQL ] SELECT * FROM `t_category` WHERE  `pid` = 355 [ RunTime:0.000338s ]
[ sql ] [ SQL ] SELECT * FROM `t_product` WHERE  `status` = 1  AND `category_id` IN (353,354,355,348) LIMIT 8 [ RunTime:0.000544s ]
[ sql ] [ SQL ] SELECT * FROM `t_category` WHERE  `pid` = 356 [ RunTime:0.000349s ]
[ sql ] [ SQL ] SELECT * FROM `t_product` WHERE  `status` = 1  AND `category_id` IN (356) LIMIT 8 [ RunTime:0.000442s ]

---------------------------------------------------------------
[ 2018-02-03T20:26:25+08:00 ] 127.0.0.1 127.0.0.1 GET /game.php
[ log ] www.h5niuniu.com/game.php [运行时间：0.054979s][吞吐率：18.19req/s] [内存消耗：2,262.79kb] [文件加载：57]
[ info ] [ LANG ] /Users/hantong/Sites/website/h5niuniu/thinkphp/lang/zh-cn.php
[ info ] [ BIND ] 'game'
[ info ] [ ROUTE ] array (
  'type' => 'module',
  'module' => 
  array (
    0 => 'game',
    1 => NULL,
    2 => NULL,
  ),
)
[ info ] [ HEADER ] array (
  'cookie' => 'PHPSESSID=e9q7mg0qhq8g7vsisovnk2pus1',
  'accept-language' => 'zh-CN,zh;q=0.8',
  'accept-encoding' => 'gzip, deflate, sdch',
  'user-agent' => 'Mozilla/5.0 (iPhone; CPU iPhone OS 9_1 like Mac OS X) AppleWebKit/601.1.46 (KHTML, like Gecko) Version/9.0 Mobile/13B143 Safari/601.1 wechatdevtools/0.7.0 MicroMessenger/6.3.9 Language/zh_CN webview/0',
  'upgrade-insecure-requests' => '1',
  'accept' => 'text/html,application/xhtml+xml,application/xml;q=0.9,image/webp,*/*;q=0.8',
  'connection' => 'keep-alive',
  'host' => 'www.h5niuniu.com',
  'content-type' => '',
  'content-length' => '',
)
[ info ] [ PARAM ] array (
)
[ info ] [ SESSION ] INIT array (
  'id' => '',
  'var_session_id' => '',
  'prefix' => 'think',
  'type' => '',
  'auto_start' => true,
)
[ info ] [ LOG ] INIT File

---------------------------------------------------------------
[ 2018-02-03T20:26:25+08:00 ] 127.0.0.1 127.0.0.1 GET /game.php/login/index.html
[ log ] www.h5niuniu.com/game.php/login/index.html [运行时间：0.183246s][吞吐率：5.46req/s] [内存消耗：3,556.43kb] [文件加载：117]
[ info ] [ LANG ] /Users/hantong/Sites/website/h5niuniu/thinkphp/lang/zh-cn.php
[ info ] [ BIND ] 'game'
[ info ] [ ROUTE ] array (
  'type' => 'module',
  'module' => 
  array (
    0 => 'game',
    1 => 'login',
    2 => 'index',
  ),
)
[ info ] [ HEADER ] array (
  'cookie' => 'PHPSESSID=e9q7mg0qhq8g7vsisovnk2pus1',
  'accept-language' => 'zh-CN,zh;q=0.8',
  'accept-encoding' => 'gzip, deflate, sdch',
  'user-agent' => 'Mozilla/5.0 (iPhone; CPU iPhone OS 9_1 like Mac OS X) AppleWebKit/601.1.46 (KHTML, like Gecko) Version/9.0 Mobile/13B143 Safari/601.1 wechatdevtools/0.7.0 MicroMessenger/6.3.9 Language/zh_CN webview/0',
  'upgrade-insecure-requests' => '1',
  'accept' => 'text/html,application/xhtml+xml,application/xml;q=0.9,image/webp,*/*;q=0.8',
  'connection' => 'keep-alive',
  'host' => 'www.h5niuniu.com',
  'content-type' => '',
  'content-length' => '',
)
[ info ] [ PARAM ] array (
)
[ info ] [ RUN ] app\game\controller\Login->index[ /Users/hantong/Sites/website/h5niuniu/application/game/controller/Login.php ]
[ info ] [ LOG ] INIT File

---------------------------------------------------------------
[ 2018-02-03T20:26:28+08:00 ] 127.0.0.1 127.0.0.1 GET /game.php/login/weixinloginback.html?code=0017dsRm0PHNWq1ufTUm06CKRm07dsRB&state=ae4d8a925a5c0f03b313ea6c06d81824
[ log ] www.h5niuniu.com/game.php/login/weixinloginback.html?code=0017dsRm0PHNWq1ufTUm06CKRm07dsRB&state=ae4d8a925a5c0f03b313ea6c06d81824 [运行时间：0.151605s][吞吐率：6.60req/s] [内存消耗：4,176.82kb] [文件加载：143]
[ info ] [ LANG ] /Users/hantong/Sites/website/h5niuniu/thinkphp/lang/zh-cn.php
[ info ] [ BIND ] 'game'
[ info ] [ ROUTE ] array (
  'type' => 'module',
  'module' => 
  array (
    0 => 'game',
    1 => 'login',
    2 => 'weixinloginback',
  ),
)
[ info ] [ HEADER ] array (
  'cookie' => 'PHPSESSID=e9q7mg0qhq8g7vsisovnk2pus1',
  'accept-language' => 'zh-CN,zh;q=0.8',
  'accept-encoding' => 'gzip, deflate, sdch',
  'user-agent' => 'Mozilla/5.0 (iPhone; CPU iPhone OS 9_1 like Mac OS X) AppleWebKit/601.1.46 (KHTML, like Gecko) Version/9.0 Mobile/13B143 Safari/601.1 wechatdevtools/0.7.0 MicroMessenger/6.3.9 Language/zh_CN webview/0',
  'upgrade-insecure-requests' => '1',
  'accept' => 'text/html,application/xhtml+xml,application/xml;q=0.9,image/webp,*/*;q=0.8',
  'connection' => 'keep-alive',
  'host' => 'www.h5niuniu.com',
  'content-type' => '',
  'content-length' => '',
)
[ info ] [ PARAM ] array (
  'code' => '0017dsRm0PHNWq1ufTUm06CKRm07dsRB',
  'state' => 'ae4d8a925a5c0f03b313ea6c06d81824',
)
[ info ] [ RUN ] app\game\controller\Login->weixinloginback[ /Users/hantong/Sites/website/h5niuniu/application/game/controller/Login.php ]
[ info ] [ LOG ] INIT File
[ error ] [0]cURL error 35: SSL: CA certificate set, but certificate verification is disabled (see http://curl.haxx.se/libcurl/c/libcurl-errors.html)[/Users/hantong/Sites/website/h5niuniu/vendor/guzzlehttp/guzzle/src/Handler/CurlFactory.php:191]

---------------------------------------------------------------
[ 2018-02-03T20:30:56+08:00 ] 127.0.0.1 127.0.0.1 GET /game.php/login/weixinloginback.html?code=0017dsRm0PHNWq1ufTUm06CKRm07dsRB&state=ae4d8a925a5c0f03b313ea6c06d81824
[ log ] www.h5niuniu.com/game.php/login/weixinloginback.html?code=0017dsRm0PHNWq1ufTUm06CKRm07dsRB&state=ae4d8a925a5c0f03b313ea6c06d81824 [运行时间：1.071598s][吞吐率：0.93req/s] [内存消耗：4,178.53kb] [文件加载：143]
[ info ] [ LANG ] /Users/hantong/Sites/website/h5niuniu/thinkphp/lang/zh-cn.php
[ info ] [ BIND ] 'game'
[ info ] [ ROUTE ] array (
  'type' => 'module',
  'module' => 
  array (
    0 => 'game',
    1 => 'login',
    2 => 'weixinloginback',
  ),
)
[ info ] [ HEADER ] array (
  'cookie' => 'PHPSESSID=e9q7mg0qhq8g7vsisovnk2pus1',
  'accept-language' => 'zh-CN,zh;q=0.8',
  'accept-encoding' => 'gzip, deflate, sdch',
  'user-agent' => 'Mozilla/5.0 (iPhone; CPU iPhone OS 9_1 like Mac OS X) AppleWebKit/601.1.46 (KHTML, like Gecko) Version/9.0 Mobile/13B143 Safari/601.1 wechatdevtools/0.7.0 MicroMessenger/6.3.9 Language/zh_CN webview/0',
  'upgrade-insecure-requests' => '1',
  'accept' => 'text/html,application/xhtml+xml,application/xml;q=0.9,image/webp,*/*;q=0.8',
  'cache-control' => 'max-age=0',
  'connection' => 'keep-alive',
  'host' => 'www.h5niuniu.com',
  'content-type' => '',
  'content-length' => '',
)
[ info ] [ PARAM ] array (
  'code' => '0017dsRm0PHNWq1ufTUm06CKRm07dsRB',
  'state' => 'ae4d8a925a5c0f03b313ea6c06d81824',
)
[ info ] [ RUN ] app\game\controller\Login->weixinloginback[ /Users/hantong/Sites/website/h5niuniu/application/game/controller/Login.php ]
[ info ] [ LOG ] INIT File
[ error ] [0]cURL error 35: SSL: CA certificate set, but certificate verification is disabled (see http://curl.haxx.se/libcurl/c/libcurl-errors.html)[/Users/hantong/Sites/website/h5niuniu/vendor/guzzlehttp/guzzle/src/Handler/CurlFactory.php:193]

---------------------------------------------------------------
[ 2018-02-03T20:30:58+08:00 ] 127.0.0.1 127.0.0.1 GET /game.php/login/weixinloginback.html?code=0017dsRm0PHNWq1ufTUm06CKRm07dsRB&state=ae4d8a925a5c0f03b313ea6c06d81824
[ log ] www.h5niuniu.com/game.php/login/weixinloginback.html?code=0017dsRm0PHNWq1ufTUm06CKRm07dsRB&state=ae4d8a925a5c0f03b313ea6c06d81824 [运行时间：0.111705s][吞吐率：8.95req/s] [内存消耗：4,178.53kb] [文件加载：143]
[ info ] [ LANG ] /Users/hantong/Sites/website/h5niuniu/thinkphp/lang/zh-cn.php
[ info ] [ BIND ] 'game'
[ info ] [ ROUTE ] array (
  'type' => 'module',
  'module' => 
  array (
    0 => 'game',
    1 => 'login',
    2 => 'weixinloginback',
  ),
)
[ info ] [ HEADER ] array (
  'cookie' => 'PHPSESSID=e9q7mg0qhq8g7vsisovnk2pus1',
  'accept-language' => 'zh-CN,zh;q=0.8',
  'accept-encoding' => 'gzip, deflate, sdch',
  'user-agent' => 'Mozilla/5.0 (iPhone; CPU iPhone OS 9_1 like Mac OS X) AppleWebKit/601.1.46 (KHTML, like Gecko) Version/9.0 Mobile/13B143 Safari/601.1 wechatdevtools/0.7.0 MicroMessenger/6.3.9 Language/zh_CN webview/0',
  'upgrade-insecure-requests' => '1',
  'accept' => 'text/html,application/xhtml+xml,application/xml;q=0.9,image/webp,*/*;q=0.8',
  'cache-control' => 'max-age=0',
  'connection' => 'keep-alive',
  'host' => 'www.h5niuniu.com',
  'content-type' => '',
  'content-length' => '',
)
[ info ] [ PARAM ] array (
  'code' => '0017dsRm0PHNWq1ufTUm06CKRm07dsRB',
  'state' => 'ae4d8a925a5c0f03b313ea6c06d81824',
)
[ info ] [ RUN ] app\game\controller\Login->weixinloginback[ /Users/hantong/Sites/website/h5niuniu/application/game/controller/Login.php ]
[ info ] [ LOG ] INIT File
[ error ] [0]cURL error 35: SSL: CA certificate set, but certificate verification is disabled (see http://curl.haxx.se/libcurl/c/libcurl-errors.html)[/Users/hantong/Sites/website/h5niuniu/vendor/guzzlehttp/guzzle/src/Handler/CurlFactory.php:193]

---------------------------------------------------------------
[ 2018-02-03T20:30:59+08:00 ] 127.0.0.1 127.0.0.1 GET /game.php/login/weixinloginback.html?code=0017dsRm0PHNWq1ufTUm06CKRm07dsRB&state=ae4d8a925a5c0f03b313ea6c06d81824
[ log ] www.h5niuniu.com/game.php/login/weixinloginback.html?code=0017dsRm0PHNWq1ufTUm06CKRm07dsRB&state=ae4d8a925a5c0f03b313ea6c06d81824 [运行时间：0.105968s][吞吐率：9.44req/s] [内存消耗：4,178.53kb] [文件加载：143]
[ info ] [ LANG ] /Users/hantong/Sites/website/h5niuniu/thinkphp/lang/zh-cn.php
[ info ] [ BIND ] 'game'
[ info ] [ ROUTE ] array (
  'type' => 'module',
  'module' => 
  array (
    0 => 'game',
    1 => 'login',
    2 => 'weixinloginback',
  ),
)
[ info ] [ HEADER ] array (
  'cookie' => 'PHPSESSID=e9q7mg0qhq8g7vsisovnk2pus1',
  'accept-language' => 'zh-CN,zh;q=0.8',
  'accept-encoding' => 'gzip, deflate, sdch',
  'user-agent' => 'Mozilla/5.0 (iPhone; CPU iPhone OS 9_1 like Mac OS X) AppleWebKit/601.1.46 (KHTML, like Gecko) Version/9.0 Mobile/13B143 Safari/601.1 wechatdevtools/0.7.0 MicroMessenger/6.3.9 Language/zh_CN webview/0',
  'upgrade-insecure-requests' => '1',
  'accept' => 'text/html,application/xhtml+xml,application/xml;q=0.9,image/webp,*/*;q=0.8',
  'cache-control' => 'max-age=0',
  'connection' => 'keep-alive',
  'host' => 'www.h5niuniu.com',
  'content-type' => '',
  'content-length' => '',
)
[ info ] [ PARAM ] array (
  'code' => '0017dsRm0PHNWq1ufTUm06CKRm07dsRB',
  'state' => 'ae4d8a925a5c0f03b313ea6c06d81824',
)
[ info ] [ RUN ] app\game\controller\Login->weixinloginback[ /Users/hantong/Sites/website/h5niuniu/application/game/controller/Login.php ]
[ info ] [ LOG ] INIT File
[ error ] [0]cURL error 35: SSL: CA certificate set, but certificate verification is disabled (see http://curl.haxx.se/libcurl/c/libcurl-errors.html)[/Users/hantong/Sites/website/h5niuniu/vendor/guzzlehttp/guzzle/src/Handler/CurlFactory.php:193]

---------------------------------------------------------------
[ 2018-02-03T20:30:59+08:00 ] 127.0.0.1 127.0.0.1 GET /game.php/login/weixinloginback.html?code=0017dsRm0PHNWq1ufTUm06CKRm07dsRB&state=ae4d8a925a5c0f03b313ea6c06d81824
[ log ] www.h5niuniu.com/game.php/login/weixinloginback.html?code=0017dsRm0PHNWq1ufTUm06CKRm07dsRB&state=ae4d8a925a5c0f03b313ea6c06d81824 [运行时间：0.152851s][吞吐率：6.54req/s] [内存消耗：4,225.39kb] [文件加载：142]
[ info ] [ LANG ] /Users/hantong/Sites/website/h5niuniu/thinkphp/lang/zh-cn.php
[ info ] [ BIND ] 'game'
[ info ] [ ROUTE ] array (
  'type' => 'module',
  'module' => 
  array (
    0 => 'game',
    1 => 'login',
    2 => 'weixinloginback',
  ),
)
[ info ] [ HEADER ] array (
  'cookie' => 'PHPSESSID=e9q7mg0qhq8g7vsisovnk2pus1',
  'accept-language' => 'zh-CN,zh;q=0.8',
  'accept-encoding' => 'gzip, deflate, sdch',
  'user-agent' => 'Mozilla/5.0 (iPhone; CPU iPhone OS 9_1 like Mac OS X) AppleWebKit/601.1.46 (KHTML, like Gecko) Version/9.0 Mobile/13B143 Safari/601.1 wechatdevtools/0.7.0 MicroMessenger/6.3.9 Language/zh_CN webview/0',
  'upgrade-insecure-requests' => '1',
  'accept' => 'text/html,application/xhtml+xml,application/xml;q=0.9,image/webp,*/*;q=0.8',
  'cache-control' => 'max-age=0',
  'connection' => 'keep-alive',
  'host' => 'www.h5niuniu.com',
  'content-type' => '',
  'content-length' => '',
)
[ info ] [ PARAM ] array (
  'code' => '0017dsRm0PHNWq1ufTUm06CKRm07dsRB',
  'state' => 'ae4d8a925a5c0f03b313ea6c06d81824',
)
[ info ] [ RUN ] app\game\controller\Login->weixinloginback[ /Users/hantong/Sites/website/h5niuniu/application/game/controller/Login.php ]
[ info ] [ LOG ] INIT File
[ error ] [0]cURL error 35: SSL: CA certificate set, but certificate verification is disabled (see http://curl.haxx.se/libcurl/c/libcurl-errors.html)[/Users/hantong/Sites/website/h5niuniu/vendor/guzzlehttp/guzzle/src/Handler/CurlFactory.php:193]

---------------------------------------------------------------
[ 2018-02-03T20:30:59+08:00 ] 127.0.0.1 127.0.0.1 GET /game.php/login/weixinloginback.html?code=0017dsRm0PHNWq1ufTUm06CKRm07dsRB&state=ae4d8a925a5c0f03b313ea6c06d81824
[ log ] www.h5niuniu.com/game.php/login/weixinloginback.html?code=0017dsRm0PHNWq1ufTUm06CKRm07dsRB&state=ae4d8a925a5c0f03b313ea6c06d81824 [运行时间：0.128338s][吞吐率：7.79req/s] [内存消耗：4,178.53kb] [文件加载：143]
[ info ] [ LANG ] /Users/hantong/Sites/website/h5niuniu/thinkphp/lang/zh-cn.php
[ info ] [ BIND ] 'game'
[ info ] [ ROUTE ] array (
  'type' => 'module',
  'module' => 
  array (
    0 => 'game',
    1 => 'login',
    2 => 'weixinloginback',
  ),
)
[ info ] [ HEADER ] array (
  'cookie' => 'PHPSESSID=e9q7mg0qhq8g7vsisovnk2pus1',
  'accept-language' => 'zh-CN,zh;q=0.8',
  'accept-encoding' => 'gzip, deflate, sdch',
  'user-agent' => 'Mozilla/5.0 (iPhone; CPU iPhone OS 9_1 like Mac OS X) AppleWebKit/601.1.46 (KHTML, like Gecko) Version/9.0 Mobile/13B143 Safari/601.1 wechatdevtools/0.7.0 MicroMessenger/6.3.9 Language/zh_CN webview/0',
  'upgrade-insecure-requests' => '1',
  'accept' => 'text/html,application/xhtml+xml,application/xml;q=0.9,image/webp,*/*;q=0.8',
  'cache-control' => 'max-age=0',
  'connection' => 'keep-alive',
  'host' => 'www.h5niuniu.com',
  'content-type' => '',
  'content-length' => '',
)
[ info ] [ PARAM ] array (
  'code' => '0017dsRm0PHNWq1ufTUm06CKRm07dsRB',
  'state' => 'ae4d8a925a5c0f03b313ea6c06d81824',
)
[ info ] [ RUN ] app\game\controller\Login->weixinloginback[ /Users/hantong/Sites/website/h5niuniu/application/game/controller/Login.php ]
[ info ] [ LOG ] INIT File
[ error ] [0]cURL error 35: SSL: CA certificate set, but certificate verification is disabled (see http://curl.haxx.se/libcurl/c/libcurl-errors.html)[/Users/hantong/Sites/website/h5niuniu/vendor/guzzlehttp/guzzle/src/Handler/CurlFactory.php:193]

---------------------------------------------------------------
[ 2018-02-03T20:30:59+08:00 ] 127.0.0.1 127.0.0.1 GET /game.php/login/weixinloginback.html?code=0017dsRm0PHNWq1ufTUm06CKRm07dsRB&state=ae4d8a925a5c0f03b313ea6c06d81824
[ log ] www.h5niuniu.com/game.php/login/weixinloginback.html?code=0017dsRm0PHNWq1ufTUm06CKRm07dsRB&state=ae4d8a925a5c0f03b313ea6c06d81824 [运行时间：0.108390s][吞吐率：9.23req/s] [内存消耗：4,178.53kb] [文件加载：143]
[ info ] [ LANG ] /Users/hantong/Sites/website/h5niuniu/thinkphp/lang/zh-cn.php
[ info ] [ BIND ] 'game'
[ info ] [ ROUTE ] array (
  'type' => 'module',
  'module' => 
  array (
    0 => 'game',
    1 => 'login',
    2 => 'weixinloginback',
  ),
)
[ info ] [ HEADER ] array (
  'cookie' => 'PHPSESSID=e9q7mg0qhq8g7vsisovnk2pus1',
  'accept-language' => 'zh-CN,zh;q=0.8',
  'accept-encoding' => 'gzip, deflate, sdch',
  'user-agent' => 'Mozilla/5.0 (iPhone; CPU iPhone OS 9_1 like Mac OS X) AppleWebKit/601.1.46 (KHTML, like Gecko) Version/9.0 Mobile/13B143 Safari/601.1 wechatdevtools/0.7.0 MicroMessenger/6.3.9 Language/zh_CN webview/0',
  'upgrade-insecure-requests' => '1',
  'accept' => 'text/html,application/xhtml+xml,application/xml;q=0.9,image/webp,*/*;q=0.8',
  'cache-control' => 'max-age=0',
  'connection' => 'keep-alive',
  'host' => 'www.h5niuniu.com',
  'content-type' => '',
  'content-length' => '',
)
[ info ] [ PARAM ] array (
  'code' => '0017dsRm0PHNWq1ufTUm06CKRm07dsRB',
  'state' => 'ae4d8a925a5c0f03b313ea6c06d81824',
)
[ info ] [ RUN ] app\game\controller\Login->weixinloginback[ /Users/hantong/Sites/website/h5niuniu/application/game/controller/Login.php ]
[ info ] [ LOG ] INIT File
[ error ] [0]cURL error 35: SSL: CA certificate set, but certificate verification is disabled (see http://curl.haxx.se/libcurl/c/libcurl-errors.html)[/Users/hantong/Sites/website/h5niuniu/vendor/guzzlehttp/guzzle/src/Handler/CurlFactory.php:193]

---------------------------------------------------------------
[ 2018-02-03T20:31:02+08:00 ] 127.0.0.1 127.0.0.1 GET /
[ log ] www.h5niuniu.com/ [运行时间：0.146881s][吞吐率：6.81req/s] [内存消耗：3,476.19kb] [文件加载：63]
[ info ] [ LANG ] /Users/hantong/Sites/website/h5niuniu/thinkphp/lang/zh-cn.php
[ info ] [ BIND ] 'index'
[ info ] [ ROUTE ] array (
  'type' => 'module',
  'module' => 
  array (
    0 => 'index',
    1 => NULL,
    2 => NULL,
  ),
)
[ info ] [ HEADER ] array (
  'cookie' => 'PHPSESSID=e9q7mg0qhq8g7vsisovnk2pus1',
  'accept-language' => 'zh-CN,zh;q=0.8',
  'accept-encoding' => 'gzip, deflate, sdch',
  'user-agent' => 'Mozilla/5.0 (iPhone; CPU iPhone OS 9_1 like Mac OS X) AppleWebKit/601.1.46 (KHTML, like Gecko) Version/9.0 Mobile/13B143 Safari/601.1 wechatdevtools/0.7.0 MicroMessenger/6.3.9 Language/zh_CN webview/0',
  'upgrade-insecure-requests' => '1',
  'accept' => 'text/html,application/xhtml+xml,application/xml;q=0.9,image/webp,*/*;q=0.8',
  'connection' => 'keep-alive',
  'host' => 'www.h5niuniu.com',
  'content-type' => '',
  'content-length' => '',
)
[ info ] [ PARAM ] array (
)
[ info ] [ SESSION ] INIT array (
  'id' => '',
  'var_session_id' => '',
  'prefix' => 'think',
  'type' => '',
  'auto_start' => true,
)
[ info ] [ DB ] INIT mysql
[ info ] [ RUN ] app\index\controller\Index->index[ /Users/hantong/Sites/website/h5niuniu/application/index/controller/Index.php ]
[ info ] [ LOG ] INIT File
[ sql ] [ DB ] CONNECT:[ UseTime:0.003502s ] mysql:dbname=sq_douniu;host=127.0.0.1;port=3306;charset=utf8
[ sql ] [ SQL ] SHOW COLUMNS FROM `t_nav` [ RunTime:0.016173s ]
[ sql ] [ SQL ] SELECT * FROM `t_nav` WHERE  `pid` = 0 ORDER BY `sort` [ RunTime:0.001000s ]
[ sql ] [ SQL ] SELECT * FROM `t_nav` WHERE  `pid` = 1 ORDER BY `sort` [ RunTime:0.000652s ]
[ sql ] [ SQL ] SELECT * FROM `t_nav` WHERE  `pid` = 2 ORDER BY `sort` [ RunTime:0.000388s ]
[ sql ] [ SQL ] SELECT * FROM `t_nav` WHERE  `pid` = 3 ORDER BY `sort` [ RunTime:0.000411s ]
[ sql ] [ SQL ] SELECT * FROM `t_nav` WHERE  `pid` = 5 ORDER BY `sort` [ RunTime:0.000436s ]
[ sql ] [ SQL ] SELECT * FROM `t_nav` WHERE  `pid` = 6 ORDER BY `sort` [ RunTime:0.000400s ]
[ sql ] [ SQL ] SELECT * FROM `t_nav` WHERE  `pid` = 4 ORDER BY `sort` [ RunTime:0.000402s ]
[ sql ] [ SQL ] SHOW COLUMNS FROM `t_ad` [ RunTime:0.008540s ]
[ sql ] [ SQL ] SELECT * FROM `t_ad` WHERE  `status` = 1 [ RunTime:0.003044s ]
[ sql ] [ SQL ] SHOW COLUMNS FROM `t_product` [ RunTime:0.009391s ]
[ sql ] [ SQL ] SELECT * FROM `t_product` WHERE  `is_top` = 1 LIMIT 2 [ RunTime:0.000575s ]
[ sql ] [ SQL ] SELECT * FROM `t_product` WHERE  `is_rec` = 1 LIMIT 3 [ RunTime:0.000452s ]
[ sql ] [ SQL ] SHOW COLUMNS FROM `t_category` [ RunTime:0.008912s ]
[ sql ] [ SQL ] SELECT * FROM `t_category` WHERE  `status` = 1  AND `pid` = 0 [ RunTime:0.000441s ]
[ sql ] [ SQL ] SELECT * FROM `t_category` WHERE  `status` = 1  AND `pid` = 0 LIMIT 5 [ RunTime:0.000395s ]
[ sql ] [ SQL ] SELECT * FROM `t_category` WHERE  `pid` = 348 [ RunTime:0.000728s ]
[ sql ] [ SQL ] SELECT * FROM `t_category` WHERE  `pid` = 353 [ RunTime:0.000528s ]
[ sql ] [ SQL ] SELECT * FROM `t_category` WHERE  `pid` = 354 [ RunTime:0.000427s ]
[ sql ] [ SQL ] SELECT * FROM `t_category` WHERE  `pid` = 355 [ RunTime:0.000384s ]
[ sql ] [ SQL ] SELECT * FROM `t_product` WHERE  `status` = 1  AND `category_id` IN (353,354,355,348) LIMIT 8 [ RunTime:0.000659s ]
[ sql ] [ SQL ] SELECT * FROM `t_category` WHERE  `pid` = 356 [ RunTime:0.000425s ]
[ sql ] [ SQL ] SELECT * FROM `t_product` WHERE  `status` = 1  AND `category_id` IN (356) LIMIT 8 [ RunTime:0.000496s ]

---------------------------------------------------------------
[ 2018-02-03T20:31:02+08:00 ] 127.0.0.1 127.0.0.1 GET /game.php
[ log ] www.h5niuniu.com/game.php [运行时间：0.047776s][吞吐率：20.93req/s] [内存消耗：2,262.79kb] [文件加载：57]
[ info ] [ LANG ] /Users/hantong/Sites/website/h5niuniu/thinkphp/lang/zh-cn.php
[ info ] [ BIND ] 'game'
[ info ] [ ROUTE ] array (
  'type' => 'module',
  'module' => 
  array (
    0 => 'game',
    1 => NULL,
    2 => NULL,
  ),
)
[ info ] [ HEADER ] array (
  'cookie' => 'PHPSESSID=e9q7mg0qhq8g7vsisovnk2pus1',
  'accept-language' => 'zh-CN,zh;q=0.8',
  'accept-encoding' => 'gzip, deflate, sdch',
  'user-agent' => 'Mozilla/5.0 (iPhone; CPU iPhone OS 9_1 like Mac OS X) AppleWebKit/601.1.46 (KHTML, like Gecko) Version/9.0 Mobile/13B143 Safari/601.1 wechatdevtools/0.7.0 MicroMessenger/6.3.9 Language/zh_CN webview/0',
  'upgrade-insecure-requests' => '1',
  'accept' => 'text/html,application/xhtml+xml,application/xml;q=0.9,image/webp,*/*;q=0.8',
  'connection' => 'keep-alive',
  'host' => 'www.h5niuniu.com',
  'content-type' => '',
  'content-length' => '',
)
[ info ] [ PARAM ] array (
)
[ info ] [ SESSION ] INIT array (
  'id' => '',
  'var_session_id' => '',
  'prefix' => 'think',
  'type' => '',
  'auto_start' => true,
)
[ info ] [ LOG ] INIT File

---------------------------------------------------------------
[ 2018-02-03T20:31:02+08:00 ] 127.0.0.1 127.0.0.1 GET /game.php/login/index.html
[ log ] www.h5niuniu.com/game.php/login/index.html [运行时间：0.081443s][吞吐率：12.28req/s] [内存消耗：3,556.43kb] [文件加载：117]
[ info ] [ LANG ] /Users/hantong/Sites/website/h5niuniu/thinkphp/lang/zh-cn.php
[ info ] [ BIND ] 'game'
[ info ] [ ROUTE ] array (
  'type' => 'module',
  'module' => 
  array (
    0 => 'game',
    1 => 'login',
    2 => 'index',
  ),
)
[ info ] [ HEADER ] array (
  'cookie' => 'PHPSESSID=e9q7mg0qhq8g7vsisovnk2pus1',
  'accept-language' => 'zh-CN,zh;q=0.8',
  'accept-encoding' => 'gzip, deflate, sdch',
  'user-agent' => 'Mozilla/5.0 (iPhone; CPU iPhone OS 9_1 like Mac OS X) AppleWebKit/601.1.46 (KHTML, like Gecko) Version/9.0 Mobile/13B143 Safari/601.1 wechatdevtools/0.7.0 MicroMessenger/6.3.9 Language/zh_CN webview/0',
  'upgrade-insecure-requests' => '1',
  'accept' => 'text/html,application/xhtml+xml,application/xml;q=0.9,image/webp,*/*;q=0.8',
  'connection' => 'keep-alive',
  'host' => 'www.h5niuniu.com',
  'content-type' => '',
  'content-length' => '',
)
[ info ] [ PARAM ] array (
)
[ info ] [ RUN ] app\game\controller\Login->index[ /Users/hantong/Sites/website/h5niuniu/application/game/controller/Login.php ]
[ info ] [ LOG ] INIT File

---------------------------------------------------------------
[ 2018-02-03T20:31:05+08:00 ] 127.0.0.1 127.0.0.1 GET /game.php/login/weixinloginback.html?code=071Xdbkx1h18Na04HXkx1eOpkx1Xdbk2&state=b37c2a5513f5f50915307465b4444231
[ log ] www.h5niuniu.com/game.php/login/weixinloginback.html?code=071Xdbkx1h18Na04HXkx1eOpkx1Xdbk2&state=b37c2a5513f5f50915307465b4444231 [运行时间：0.102173s][吞吐率：9.79req/s] [内存消耗：4,176.82kb] [文件加载：143]
[ info ] [ LANG ] /Users/hantong/Sites/website/h5niuniu/thinkphp/lang/zh-cn.php
[ info ] [ BIND ] 'game'
[ info ] [ ROUTE ] array (
  'type' => 'module',
  'module' => 
  array (
    0 => 'game',
    1 => 'login',
    2 => 'weixinloginback',
  ),
)
[ info ] [ HEADER ] array (
  'cookie' => 'PHPSESSID=e9q7mg0qhq8g7vsisovnk2pus1',
  'accept-language' => 'zh-CN,zh;q=0.8',
  'accept-encoding' => 'gzip, deflate, sdch',
  'user-agent' => 'Mozilla/5.0 (iPhone; CPU iPhone OS 9_1 like Mac OS X) AppleWebKit/601.1.46 (KHTML, like Gecko) Version/9.0 Mobile/13B143 Safari/601.1 wechatdevtools/0.7.0 MicroMessenger/6.3.9 Language/zh_CN webview/0',
  'upgrade-insecure-requests' => '1',
  'accept' => 'text/html,application/xhtml+xml,application/xml;q=0.9,image/webp,*/*;q=0.8',
  'connection' => 'keep-alive',
  'host' => 'www.h5niuniu.com',
  'content-type' => '',
  'content-length' => '',
)
[ info ] [ PARAM ] array (
  'code' => '071Xdbkx1h18Na04HXkx1eOpkx1Xdbk2',
  'state' => 'b37c2a5513f5f50915307465b4444231',
)
[ info ] [ RUN ] app\game\controller\Login->weixinloginback[ /Users/hantong/Sites/website/h5niuniu/application/game/controller/Login.php ]
[ info ] [ LOG ] INIT File
[ error ] [0]cURL error 35: SSL: CA certificate set, but certificate verification is disabled (see http://curl.haxx.se/libcurl/c/libcurl-errors.html)[/Users/hantong/Sites/website/h5niuniu/vendor/guzzlehttp/guzzle/src/Handler/CurlFactory.php:193]

---------------------------------------------------------------
[ 2018-02-03T20:33:47+08:00 ] 127.0.0.1 127.0.0.1 GET /game.php/login/weixinloginback.html?code=071Xdbkx1h18Na04HXkx1eOpkx1Xdbk2&state=b37c2a5513f5f50915307465b4444231
[ log ] www.h5niuniu.com/game.php/login/weixinloginback.html?code=071Xdbkx1h18Na04HXkx1eOpkx1Xdbk2&state=b37c2a5513f5f50915307465b4444231 [运行时间：0.471351s][吞吐率：2.12req/s] [内存消耗：4,178.53kb] [文件加载：143]
[ info ] [ LANG ] /Users/hantong/Sites/website/h5niuniu/thinkphp/lang/zh-cn.php
[ info ] [ BIND ] 'game'
[ info ] [ ROUTE ] array (
  'type' => 'module',
  'module' => 
  array (
    0 => 'game',
    1 => 'login',
    2 => 'weixinloginback',
  ),
)
[ info ] [ HEADER ] array (
  'cookie' => 'PHPSESSID=e9q7mg0qhq8g7vsisovnk2pus1',
  'accept-language' => 'zh-CN,zh;q=0.8',
  'accept-encoding' => 'gzip, deflate, sdch',
  'user-agent' => 'Mozilla/5.0 (iPhone; CPU iPhone OS 9_1 like Mac OS X) AppleWebKit/601.1.46 (KHTML, like Gecko) Version/9.0 Mobile/13B143 Safari/601.1 wechatdevtools/0.7.0 MicroMessenger/6.3.9 Language/zh_CN webview/0',
  'upgrade-insecure-requests' => '1',
  'accept' => 'text/html,application/xhtml+xml,application/xml;q=0.9,image/webp,*/*;q=0.8',
  'cache-control' => 'max-age=0',
  'connection' => 'keep-alive',
  'host' => 'www.h5niuniu.com',
  'content-type' => '',
  'content-length' => '',
)
[ info ] [ PARAM ] array (
  'code' => '071Xdbkx1h18Na04HXkx1eOpkx1Xdbk2',
  'state' => 'b37c2a5513f5f50915307465b4444231',
)
[ info ] [ RUN ] app\game\controller\Login->weixinloginback[ /Users/hantong/Sites/website/h5niuniu/application/game/controller/Login.php ]
[ info ] [ LOG ] INIT File
[ error ] [0]cURL error 35: SSL: CA certificate set, but certificate verification is disabled (see http://curl.haxx.se/libcurl/c/libcurl-errors.html)[/Users/hantong/Sites/website/h5niuniu/vendor/guzzlehttp/guzzle/src/Handler/CurlFactory.php:194]

---------------------------------------------------------------
[ 2018-02-03T20:35:11+08:00 ] 127.0.0.1 127.0.0.1 GET /game.php/login/weixinloginback.html?code=071Xdbkx1h18Na04HXkx1eOpkx1Xdbk2&state=b37c2a5513f5f50915307465b4444231
[ log ] www.h5niuniu.com/game.php/login/weixinloginback.html?code=071Xdbkx1h18Na04HXkx1eOpkx1Xdbk2&state=b37c2a5513f5f50915307465b4444231 [运行时间：0.372392s][吞吐率：2.69req/s] [内存消耗：4,017.03kb] [文件加载：132]
[ info ] [ LANG ] /Users/hantong/Sites/website/h5niuniu/thinkphp/lang/zh-cn.php
[ info ] [ BIND ] 'game'
[ info ] [ ROUTE ] array (
  'type' => 'module',
  'module' => 
  array (
    0 => 'game',
    1 => 'login',
    2 => 'weixinloginback',
  ),
)
[ info ] [ HEADER ] array (
  'cookie' => 'PHPSESSID=e9q7mg0qhq8g7vsisovnk2pus1',
  'accept-language' => 'zh-CN,zh;q=0.8',
  'accept-encoding' => 'gzip, deflate, sdch',
  'user-agent' => 'Mozilla/5.0 (iPhone; CPU iPhone OS 9_1 like Mac OS X) AppleWebKit/601.1.46 (KHTML, like Gecko) Version/9.0 Mobile/13B143 Safari/601.1 wechatdevtools/0.7.0 MicroMessenger/6.3.9 Language/zh_CN webview/0',
  'upgrade-insecure-requests' => '1',
  'accept' => 'text/html,application/xhtml+xml,application/xml;q=0.9,image/webp,*/*;q=0.8',
  'cache-control' => 'max-age=0',
  'connection' => 'keep-alive',
  'host' => 'www.h5niuniu.com',
  'content-type' => '',
  'content-length' => '',
)
[ info ] [ PARAM ] array (
  'code' => '071Xdbkx1h18Na04HXkx1eOpkx1Xdbk2',
  'state' => 'b37c2a5513f5f50915307465b4444231',
)
[ info ] [ RUN ] app\game\controller\Login->weixinloginback[ /Users/hantong/Sites/website/h5niuniu/application/game/controller/Login.php ]
[ info ] [ LOG ] INIT File

---------------------------------------------------------------
[ 2018-02-03T20:35:23+08:00 ] 127.0.0.1 127.0.0.1 GET /game.php/login/weixinloginback.html?code=071Xdbkx1h18Na04HXkx1eOpkx1Xdbk2&state=b37c2a5513f5f50915307465b4444231
[ log ] www.h5niuniu.com/game.php/login/weixinloginback.html?code=071Xdbkx1h18Na04HXkx1eOpkx1Xdbk2&state=b37c2a5513f5f50915307465b4444231 [运行时间：0.346550s][吞吐率：2.89req/s] [内存消耗：4,017.03kb] [文件加载：132]
[ info ] [ LANG ] /Users/hantong/Sites/website/h5niuniu/thinkphp/lang/zh-cn.php
[ info ] [ BIND ] 'game'
[ info ] [ ROUTE ] array (
  'type' => 'module',
  'module' => 
  array (
    0 => 'game',
    1 => 'login',
    2 => 'weixinloginback',
  ),
)
[ info ] [ HEADER ] array (
  'cookie' => 'PHPSESSID=e9q7mg0qhq8g7vsisovnk2pus1',
  'accept-language' => 'zh-CN,zh;q=0.8',
  'accept-encoding' => 'gzip, deflate, sdch',
  'user-agent' => 'Mozilla/5.0 (iPhone; CPU iPhone OS 9_1 like Mac OS X) AppleWebKit/601.1.46 (KHTML, like Gecko) Version/9.0 Mobile/13B143 Safari/601.1 wechatdevtools/0.7.0 MicroMessenger/6.3.9 Language/zh_CN webview/0',
  'upgrade-insecure-requests' => '1',
  'accept' => 'text/html,application/xhtml+xml,application/xml;q=0.9,image/webp,*/*;q=0.8',
  'cache-control' => 'max-age=0',
  'connection' => 'keep-alive',
  'host' => 'www.h5niuniu.com',
  'content-type' => '',
  'content-length' => '',
)
[ info ] [ PARAM ] array (
  'code' => '071Xdbkx1h18Na04HXkx1eOpkx1Xdbk2',
  'state' => 'b37c2a5513f5f50915307465b4444231',
)
[ info ] [ RUN ] app\game\controller\Login->weixinloginback[ /Users/hantong/Sites/website/h5niuniu/application/game/controller/Login.php ]
[ info ] [ LOG ] INIT File

---------------------------------------------------------------
[ 2018-02-03T20:37:02+08:00 ] 127.0.0.1 127.0.0.1 GET /game.php/login/weixinloginback.html?code=071Xdbkx1h18Na04HXkx1eOpkx1Xdbk2&state=b37c2a5513f5f50915307465b4444231
[ log ] www.h5niuniu.com/game.php/login/weixinloginback.html?code=071Xdbkx1h18Na04HXkx1eOpkx1Xdbk2&state=b37c2a5513f5f50915307465b4444231 [运行时间：0.368281s][吞吐率：2.72req/s] [内存消耗：4,022.94kb] [文件加载：133]
[ info ] [ LANG ] /Users/hantong/Sites/website/h5niuniu/thinkphp/lang/zh-cn.php
[ info ] [ BIND ] 'game'
[ info ] [ ROUTE ] array (
  'type' => 'module',
  'module' => 
  array (
    0 => 'game',
    1 => 'login',
    2 => 'weixinloginback',
  ),
)
[ info ] [ HEADER ] array (
  'cookie' => 'PHPSESSID=e9q7mg0qhq8g7vsisovnk2pus1',
  'accept-language' => 'zh-CN,zh;q=0.8',
  'accept-encoding' => 'gzip, deflate, sdch',
  'user-agent' => 'Mozilla/5.0 (iPhone; CPU iPhone OS 9_1 like Mac OS X) AppleWebKit/601.1.46 (KHTML, like Gecko) Version/9.0 Mobile/13B143 Safari/601.1 wechatdevtools/0.7.0 MicroMessenger/6.3.9 Language/zh_CN webview/0',
  'upgrade-insecure-requests' => '1',
  'accept' => 'text/html,application/xhtml+xml,application/xml;q=0.9,image/webp,*/*;q=0.8',
  'cache-control' => 'max-age=0',
  'connection' => 'keep-alive',
  'host' => 'www.h5niuniu.com',
  'content-type' => '',
  'content-length' => '',
)
[ info ] [ PARAM ] array (
  'code' => '071Xdbkx1h18Na04HXkx1eOpkx1Xdbk2',
  'state' => 'b37c2a5513f5f50915307465b4444231',
)
[ info ] [ RUN ] app\game\controller\Login->weixinloginback[ /Users/hantong/Sites/website/h5niuniu/application/game/controller/Login.php ]
[ info ] [ LOG ] INIT File

---------------------------------------------------------------
[ 2018-02-03T20:37:42+08:00 ] 127.0.0.1 127.0.0.1 GET /game.php/login/weixinloginback.html?code=071Xdbkx1h18Na04HXkx1eOpkx1Xdbk2&state=b37c2a5513f5f50915307465b4444231
[ log ] www.h5niuniu.com/game.php/login/weixinloginback.html?code=071Xdbkx1h18Na04HXkx1eOpkx1Xdbk2&state=b37c2a5513f5f50915307465b4444231 [运行时间：1.317061s][吞吐率：0.76req/s] [内存消耗：4,174.12kb] [文件加载：142]
[ info ] [ LANG ] /Users/hantong/Sites/website/h5niuniu/thinkphp/lang/zh-cn.php
[ info ] [ BIND ] 'game'
[ info ] [ ROUTE ] array (
  'type' => 'module',
  'module' => 
  array (
    0 => 'game',
    1 => 'login',
    2 => 'weixinloginback',
  ),
)
[ info ] [ HEADER ] array (
  'cookie' => 'PHPSESSID=e9q7mg0qhq8g7vsisovnk2pus1',
  'accept-language' => 'zh-CN,zh;q=0.8',
  'accept-encoding' => 'gzip, deflate, sdch',
  'user-agent' => 'Mozilla/5.0 (iPhone; CPU iPhone OS 9_1 like Mac OS X) AppleWebKit/601.1.46 (KHTML, like Gecko) Version/9.0 Mobile/13B143 Safari/601.1 wechatdevtools/0.7.0 MicroMessenger/6.3.9 Language/zh_CN webview/0',
  'upgrade-insecure-requests' => '1',
  'accept' => 'text/html,application/xhtml+xml,application/xml;q=0.9,image/webp,*/*;q=0.8',
  'cache-control' => 'max-age=0',
  'connection' => 'keep-alive',
  'host' => 'www.h5niuniu.com',
  'content-type' => '',
  'content-length' => '',
)
[ info ] [ PARAM ] array (
  'code' => '071Xdbkx1h18Na04HXkx1eOpkx1Xdbk2',
  'state' => 'b37c2a5513f5f50915307465b4444231',
)
[ info ] [ RUN ] app\game\controller\Login->weixinloginback[ /Users/hantong/Sites/website/h5niuniu/application/game/controller/Login.php ]
[ info ] [ LOG ] INIT File
[ error ] [0]cURL error 51: SSL: certificate verification failed (result: 5) (see http://curl.haxx.se/libcurl/c/libcurl-errors.html)[/Users/hantong/Sites/website/h5niuniu/vendor/guzzlehttp/guzzle/src/Handler/CurlFactory.php:195]

---------------------------------------------------------------
[ 2018-02-03T20:37:42+08:00 ] 127.0.0.1 127.0.0.1 GET /game.php/login/weixinloginback.html?code=071Xdbkx1h18Na04HXkx1eOpkx1Xdbk2&state=b37c2a5513f5f50915307465b4444231
[ log ] www.h5niuniu.com/game.php/login/weixinloginback.html?code=071Xdbkx1h18Na04HXkx1eOpkx1Xdbk2&state=b37c2a5513f5f50915307465b4444231 [运行时间：1.666306s][吞吐率：0.60req/s] [内存消耗：4,220.28kb] [文件加载：141]
[ info ] [ LANG ] /Users/hantong/Sites/website/h5niuniu/thinkphp/lang/zh-cn.php
[ info ] [ BIND ] 'game'
[ info ] [ ROUTE ] array (
  'type' => 'module',
  'module' => 
  array (
    0 => 'game',
    1 => 'login',
    2 => 'weixinloginback',
  ),
)
[ info ] [ HEADER ] array (
  'cookie' => 'PHPSESSID=e9q7mg0qhq8g7vsisovnk2pus1',
  'accept-language' => 'zh-CN,zh;q=0.8',
  'accept-encoding' => 'gzip, deflate, sdch',
  'user-agent' => 'Mozilla/5.0 (iPhone; CPU iPhone OS 9_1 like Mac OS X) AppleWebKit/601.1.46 (KHTML, like Gecko) Version/9.0 Mobile/13B143 Safari/601.1 wechatdevtools/0.7.0 MicroMessenger/6.3.9 Language/zh_CN webview/0',
  'upgrade-insecure-requests' => '1',
  'accept' => 'text/html,application/xhtml+xml,application/xml;q=0.9,image/webp,*/*;q=0.8',
  'cache-control' => 'max-age=0',
  'connection' => 'keep-alive',
  'host' => 'www.h5niuniu.com',
  'content-type' => '',
  'content-length' => '',
)
[ info ] [ PARAM ] array (
  'code' => '071Xdbkx1h18Na04HXkx1eOpkx1Xdbk2',
  'state' => 'b37c2a5513f5f50915307465b4444231',
)
[ info ] [ RUN ] app\game\controller\Login->weixinloginback[ /Users/hantong/Sites/website/h5niuniu/application/game/controller/Login.php ]
[ info ] [ LOG ] INIT File
[ error ] [0]cURL error 51: SSL: certificate verification failed (result: 5) (see http://curl.haxx.se/libcurl/c/libcurl-errors.html)[/Users/hantong/Sites/website/h5niuniu/vendor/guzzlehttp/guzzle/src/Handler/CurlFactory.php:195]

---------------------------------------------------------------
